[2026-06-03 18:43:27.328] [Xeno] [trace] Xeno is only maintained by Rizve. If you find any bugs, have any question, or just want to chat email me rizve@xeno.onl or DM me on Discord: .rizve
[2026-06-03 18:43:27.329] [Xeno] [info] Version: Xeno - v1.3.50
[2026-06-03 18:43:27.329] [Xeno] [info] Log file: C:\Users\holla\source\repos\Loader\Loader\bin\x64\Release\logs\2026-06-03_18-43-27.log
[2026-06-03 18:43:27.330] [Xeno] [debug] Client Checker thread: 0x385e3fded0
[2026-06-03 18:43:27.330] [Xeno] [debug] Xeno Caching thread: 0x385e3fdec0
[2026-06-03 18:43:27.330] [Xeno] [debug] WebSockets Cleaner thread: 0x385e3fdeb0
[2026-06-03 18:43:27.330] [Cache] [info] Caching file: C:\Users\holla\AppData\Local\Xeno\XENO_CACHE.bin
[2026-06-03 18:43:27.330] [Xeno] [debug] Xeno Server thread: 0x385e3fdea0
[2026-06-03 18:43:27.331] [Server] [info] Xeno Server is Live on http://localhost:3110
[2026-06-03 18:43:27.331] [Server] [info] Visit http://localhost:3110 to view any additional information
[2026-06-03 18:43:27.341] [Xeno] [info] Creating new RBXClient: 20908
[2026-06-03 18:43:27.341] [RBXClient] [info] [20908]: Initializing...
[2026-06-03 18:43:27.341] [RBXClient] [info] [20908]: Version: version-ad5d3e2906444472
[2026-06-03 18:43:27.341] [Xeno] [debug] Created RBXClient instance @0x15b7c49c490
[2026-06-03 18:43:27.341] [Xeno] [info] Successfully created RBXClient: 20908
[2026-06-03 18:43:27.341] [RBXClient] [trace] [20908]: Attempting to retrieve RBXClient data...
[2026-06-03 18:43:27.418] [RBXClient] [trace] [20908]: Successfully retrieved RBXClient data (Primary)
[2026-06-03 18:43:27.418] [RBXClient] [error] [20908]: Offsets for version "version-ad5d3e2906444472" not found. Using offsets from default version: version-460909c4fe904aae. Please report this to me (Rizve)
[2026-06-03 18:43:27.419] [RBXClient] [debug] [20908]: Fetching DataModel...
[2026-06-03 18:43:27.666] [RBXClient] [debug] [20908]: 	String: 0x1eb920a4788
[2026-06-03 18:43:27.666] [RBXClient] [debug] [20908]: 	RenderView: 0x1eacf4aeb80
[2026-06-03 18:43:27.766] [RBXClient] [debug] [20908]: Bytecode Hash Map: 0x0 (@0x0)
[2026-06-03 18:43:27.767] [RBXClient] [debug] [20908]: DataModel (Ugc): 0x1eac6f5b648
[2026-06-03 18:43:27.768] [RBXClient] [debug] [20908]: LocalPlayer: 0x1eba2b01880
[2026-06-03 18:43:27.768] [RBXClient] [debug] [20littlemen2 (20908)]: LocalPlayer Name: '20littlemen2'
[2026-06-03 18:43:27.769] [RBXClient] [trace] [20littlemen2 (20908)]: Attaching in-game using translation module.
[2026-06-03 18:43:27.896] [RBXClient] [debug] [20littlemen2 (20908)]: Bytecode Hash Map: 0x0 (@0x0)
[2026-06-03 18:43:27.896] [RBXClient] [warning] [20littlemen2 (20908)]: Could not find bytecode hash map, retrying... (2 tries left)
[2026-06-03 18:43:27.967] [RBXClient] [debug] [20littlemen2 (20908)]: Bytecode Hash Map: 0x0 (@0x0)
[2026-06-03 18:43:27.967] [RBXClient] [warning] [20littlemen2 (20908)]: Could not find bytecode hash map, retrying... (1 tries left)
[2026-06-03 18:43:28.046] [RBXClient] [debug] [20littlemen2 (20908)]: Bytecode Hash Map: 0x0 (@0x0)
[2026-06-03 18:43:28.046] [RBXClient] [warning] [20littlemen2 (20908)]: Could not find bytecode hash map, retrying... (0 tries left)
[2026-06-03 18:43:28.046] [RBXClient] [critical] [20littlemen2 (20908)]:  Failed to find bytecode hash map
[2026-06-03 18:43:31.475] [Execution] [error] [20908]: Could not find a CoreModule; Client is not attached
[2026-06-03 18:43:31.543] [Execution] [error] [20908]: Could not find a CoreModule; Client is not attached
[2026-06-03 18:43:31.590] [Execution] [error] [20908]: Could not find a CoreModule; Client is not attached
