[2026-06-06 14:50:12.584] [Xeno] [trace] Xeno is only maintained by Rizve. If you find any bugs, have any question, or just want to chat email me rizve@xeno.onl or DM me on Discord: .rizve
[2026-06-06 14:50:12.584] [Xeno] [info] Version: Xeno - v1.3.55
[2026-06-06 14:50:12.584] [Xeno] [info] Log file: C:\Users\holla\source\repos\Loader\Loader\bin\x64\Release\logs\2026-06-06_14-50-12.log
[2026-06-06 14:50:12.588] [Xeno] [debug] Client Checker thread: 0xe0e29fe0b0
[2026-06-06 14:50:12.588] [Xeno] [debug] Xeno Caching thread: 0xe0e29fe0a0
[2026-06-06 14:50:12.588] [Xeno] [debug] WebSockets Cleaner thread: 0xe0e29fe090
[2026-06-06 14:50:12.588] [Xeno] [debug] Xeno Server thread: 0xe0e29fe080
[2026-06-06 14:50:12.588] [Cache] [info] Caching file: C:\Users\holla\AppData\Local\Xeno\XENO_CACHE.bin
[2026-06-06 14:50:12.589] [Server] [info] Xeno Server is Live on http://localhost:3110
[2026-06-06 14:50:12.589] [Server] [info] Visit http://localhost:3110 to view any additional information
[2026-06-06 14:50:12.599] [Xeno] [info] Creating new RBXClient: 7520
[2026-06-06 14:50:12.599] [RBXClient] [info] [7520]: Initializing...
[2026-06-06 14:50:12.599] [RBXClient] [info] [7520]: Version: version-ad5d3e2906444472
[2026-06-06 14:50:12.599] [Xeno] [debug] Created RBXClient instance @0x2b0f1ed7cb0
[2026-06-06 14:50:12.599] [Xeno] [info] Successfully created RBXClient: 7520
[2026-06-06 14:50:12.600] [RBXClient] [trace] [7520]: Attempting to retrieve RBXClient data...
[2026-06-06 14:50:12.705] [RBXClient] [trace] [7520]: Successfully retrieved RBXClient data (Primary)
[2026-06-06 14:50:12.706] [RBXClient] [debug] [7520]: Fetching DataModel...
[2026-06-06 14:50:12.931] [RBXClient] [debug] [7520]: 	String: 0x1e54e6ea688
[2026-06-06 14:50:12.932] [RBXClient] [debug] [7520]: 	RenderView: 0x1e55acceb80
[2026-06-06 14:50:13.458] [RBXClient] [debug] [7520]: 1866 candidates found for the instruction
[2026-06-06 14:50:13.458] [RBXClient] [debug] [7520]:  Instruction address: 0x1e445c8d81a
[2026-06-06 14:50:13.459] [RBXClient] [debug] [7520]: Bytecode Patch Watcher thread: 0xe0ea9ff640
[2026-06-06 14:50:13.459] [RBXClient] [debug] [7520]: DataModel (Ugc): 0x1e581238648
[2026-06-06 14:50:13.460] [RBXClient] [debug] [7520]: LocalPlayer: 0x1e55f909080
[2026-06-06 14:50:13.460] [RBXClient] [debug] [20littlemen2 (7520)]: LocalPlayer Name: '20littlemen2'
[2026-06-06 14:50:13.461] [RBXClient] [trace] [20littlemen2 (7520)]: Attaching in-game using translation module.
[2026-06-06 14:50:13.658] [RBXClient] [trace] [20littlemen2 (7520)]: Intercepted translation module @0x1e60e41d980
[2026-06-06 14:50:13.673] [RBXClient] [trace] [20littlemen2 (7520)][::CRefresh]: Client DataModel refreshed
[2026-06-06 14:50:13.678] [RBXClient] [trace] [20littlemen2 (7520)][::HandleAutoExecute]: Executed 1 script(s) from autoexec directory
[2026-06-06 14:50:13.679] [RBXClient] [trace] [20littlemen2 (7520)]: Attach ping received from client "20littlemen2", This indicates everything was successful.
[2026-06-06 15:02:23.431] [RBXClient] [trace] [20littlemen2 (7520)][::PlayerRemoving]: Player leaving ping recieved. We have to reattach.
[2026-06-06 15:02:23.431] [RBXClient] [trace] [20littlemen2 (7520)][::PlayerRemoving]: DataModel is being loaded...
[2026-06-06 15:02:24.185] [RBXClient] [trace] 	[20littlemen2 (7520)][::PlayerRemoving]: DataModel was loaded successfully
[2026-06-06 15:02:24.186] [RBXClient] [info] [20littlemen2 (7520)]: Waiting for you to enter a game...
[2026-06-06 15:03:59.745] [RBXClient] [info] [20littlemen2 (7520)]:  Game has loaded (yielding)
[2026-06-06 15:03:59.745] [RBXClient] [trace] [20littlemen2 (7520)]: Attaching in-game using translation module.
[2026-06-06 15:04:00.007] [RBXClient] [trace] [20littlemen2 (7520)]: Intercepted translation module @0x1e5620af040
[2026-06-06 15:04:00.031] [RBXClient] [trace] [20littlemen2 (7520)][::CRefresh]: Client DataModel refreshed
[2026-06-06 15:04:00.058] [RBXClient] [trace] [20littlemen2 (7520)]: Attach ping received from client "20littlemen2", This indicates everything was successful.
[2026-06-06 15:08:28.992] [RBXClient] [trace] [20littlemen2 (7520)][::~RBXClient]: Client was closed and cleaned up successfully
[2026-06-06 15:08:28.992] [Xeno] [info] Removed RBXClient: 7520
[2026-06-06 15:08:33.998] [Xeno] [info] Cleaned up '7520' from InitializedClients
