[2026-06-04 13:30:45.838] [Xeno] [trace] Xeno is only maintained by Rizve. If you find any bugs, have any question, or just want to chat email me rizve@xeno.onl or DM me on Discord: .rizve
[2026-06-04 13:30:45.838] [Xeno] [info] Version: Xeno - v1.3.55
[2026-06-04 13:30:45.838] [Xeno] [info] Log file: C:\Users\holla\source\repos\Loader\Loader\bin\x64\Release\logs\2026-06-04_13-30-45.log
[2026-06-04 13:30:45.840] [Xeno] [debug] Client Checker thread: 0x499affdd60
[2026-06-04 13:30:45.840] [Xeno] [debug] Xeno Caching thread: 0x499affdd50
[2026-06-04 13:30:45.840] [Xeno] [debug] WebSockets Cleaner thread: 0x499affdd40
[2026-06-04 13:30:45.840] [Cache] [info] Caching file: C:\Users\holla\AppData\Local\Xeno\XENO_CACHE.bin
[2026-06-04 13:30:45.840] [Xeno] [debug] Xeno Server thread: 0x499affdd30
[2026-06-04 13:30:45.840] [Server] [info] Xeno Server is Live on http://localhost:3110
[2026-06-04 13:30:45.840] [Server] [info] Visit http://localhost:3110 to view any additional information
[2026-06-04 13:30:45.847] [Cache] [warning] Failed to read cached client PID #0
[2026-06-04 13:30:45.852] [Xeno] [info] Creating new RBXClient: 32776
[2026-06-04 13:30:45.852] [RBXClient] [info] [32776]: Initializing...
[2026-06-04 13:30:45.852] [RBXClient] [info] [32776]: Version: version-ad5d3e2906444472
[2026-06-04 13:30:45.852] [Xeno] [debug] Created RBXClient instance @0x1c53e019bf0
[2026-06-04 13:30:45.852] [Xeno] [info] Successfully created RBXClient: 32776
[2026-06-04 13:30:45.852] [RBXClient] [trace] [32776]: Attempting to retrieve RBXClient data...
[2026-06-04 13:30:45.949] [RBXClient] [trace] [32776]: Successfully retrieved RBXClient data (Primary)
[2026-06-04 13:30:45.949] [RBXClient] [debug] [32776]: Fetching DataModel...
[2026-06-04 13:30:45.990] [RBXClient] [debug] [32776]: 	String: 0x23f0f977e88
[2026-06-04 13:30:45.990] [RBXClient] [debug] [32776]: 	RenderView: 0x23f0f91eb80
[2026-06-04 13:30:46.421] [RBXClient] [debug] [32776]: 2047 candidates found for the instruction
[2026-06-04 13:30:46.422] [RBXClient] [debug] [32776]:  Instruction address: 0x23f72efd81a
[2026-06-04 13:30:46.423] [RBXClient] [debug] [32776]: Bytecode Patch Watcher thread: 0x49a303f910
[2026-06-04 13:30:46.424] [RBXClient] [debug] [32776]: DataModel (Ugc): 0x23f23946e48
[2026-06-04 13:30:46.424] [RBXClient] [debug] [32776]: LocalPlayer: 0x23f11c61880
[2026-06-04 13:30:46.425] [RBXClient] [debug] [20littlemen2 (32776)]: LocalPlayer Name: '20littlemen2'
[2026-06-04 13:30:46.425] [RBXClient] [trace] [20littlemen2 (32776)]: Attaching in-game using translation module.
[2026-06-04 13:30:46.597] [RBXClient] [trace] [20littlemen2 (32776)]: Intercepted translation module @0x23f25bae240
[2026-06-04 13:30:46.610] [RBXClient] [trace] [20littlemen2 (32776)][::CRefresh]: Client DataModel refreshed
[2026-06-04 13:30:46.622] [RBXClient] [trace] [20littlemen2 (32776)][::HandleAutoExecute]: Executed 1 script(s) from autoexec directory
[2026-06-04 13:30:46.627] [RBXClient] [trace] [20littlemen2 (32776)]: Attach ping received from client "20littlemen2", This indicates everything was successful.
[2026-06-04 13:31:51.178] [RBXClient] [trace] [20littlemen2 (32776)][::PlayerRemoving]: Player leaving ping recieved. We have to reattach.
[2026-06-04 13:31:51.178] [RBXClient] [trace] [20littlemen2 (32776)][::PlayerRemoving]: DataModel is being loaded...
[2026-06-04 13:31:52.240] [RBXClient] [trace] 	[20littlemen2 (32776)][::PlayerRemoving]: DataModel was loaded successfully
[2026-06-04 13:31:52.243] [RBXClient] [info] [20littlemen2 (32776)]: Waiting for you to enter a game...
[2026-06-04 13:32:00.029] [RBXClient] [info] [20littlemen2 (32776)]:  Game has loaded (yielding)
[2026-06-04 13:32:00.029] [RBXClient] [trace] [20littlemen2 (32776)]: Attaching in-game using translation module.
[2026-06-04 13:32:00.258] [RBXClient] [trace] [20littlemen2 (32776)]: Intercepted translation module @0x240f305eb00
[2026-06-04 13:32:00.310] [RBXClient] [trace] [20littlemen2 (32776)][::CRefresh]: Client DataModel refreshed
[2026-06-04 13:32:00.321] [RBXClient] [trace] [20littlemen2 (32776)]: Attach ping received from client "20littlemen2", This indicates everything was successful.
[2026-06-04 13:34:26.958] [RBXClient] [trace] [20littlemen2 (32776)][::PlayerRemoving]: Player leaving ping recieved. We have to reattach.
[2026-06-04 13:34:26.958] [RBXClient] [trace] [20littlemen2 (32776)][::PlayerRemoving]: DataModel is being loaded...
[2026-06-04 13:34:27.022] [RBXClient] [trace] 	[20littlemen2 (32776)][::PlayerRemoving]: DataModel was loaded successfully
[2026-06-04 13:34:27.024] [RBXClient] [info] [20littlemen2 (32776)]: Waiting for you to enter a game...
[2026-06-04 13:35:44.781] [Xeno] [info] Removed RBXClient: 32776
[2026-06-04 13:35:45.263] [RBXClient] [critical] [20littlemen2 (32776)]: Client was closed while waiting to enter a game
[2026-06-04 13:35:45.263] [RBXClient] [trace] [20littlemen2 (32776)][::~RBXClient]: Client was closed and cleaned up successfully
[2026-06-04 13:35:49.787] [Xeno] [info] Cleaned up '32776' from InitializedClients
[2026-06-04 13:36:01.660] [Xeno] [info] Creating new RBXClient: 6896
[2026-06-04 13:36:01.660] [RBXClient] [info] [6896]: Initializing...
[2026-06-04 13:36:01.660] [RBXClient] [info] [6896]: Version: version-ad5d3e2906444472
[2026-06-04 13:36:01.660] [Xeno] [debug] Created RBXClient instance @0x1c53e097d40
[2026-06-04 13:36:01.660] [Xeno] [info] Successfully created RBXClient: 6896
[2026-06-04 13:36:01.660] [RBXClient] [trace] [6896]: Attempting to retrieve RBXClient data...
[2026-06-04 13:36:01.856] [RBXClient] [trace] [6896]: Successfully retrieved RBXClient data (Primary)
[2026-06-04 13:36:01.856] [RBXClient] [debug] [6896]: Fetching DataModel...
[2026-06-04 13:36:01.905] [RBXClient] [debug] [6896]: 	String: 0x1c49495db08
[2026-06-04 13:36:01.905] [RBXClient] [debug] [6896]: 	RenderView: 0x1c494a26e80
[2026-06-04 13:36:02.289] [RBXClient] [debug] [6896]: 16276 candidates found for the instruction
[2026-06-04 13:36:02.300] [RBXClient] [debug] [6896]:  Instruction address: 0x1c48468d81a
[2026-06-04 13:36:02.300] [RBXClient] [debug] [6896]: Bytecode Patch Watcher thread: 0x499d7ff5c0
[2026-06-04 13:36:02.301] [RBXClient] [debug] [6896]: DataModel (Ugc): 0x1c49e035648
[2026-06-04 13:36:02.302] [RBXClient] [debug] [6896]: LocalPlayer: 0x1c491141880
[2026-06-04 13:36:02.302] [RBXClient] [debug] [20littlemen2 (6896)]: LocalPlayer Name: '20littlemen2'
[2026-06-04 13:36:02.302] [RBXClient] [trace] [20littlemen2 (6896)]: Attaching in-game using translation module.
[2026-06-04 13:36:02.521] [RBXClient] [trace] [20littlemen2 (6896)]: Intercepted translation module @0x1c4a144c480
[2026-06-04 13:36:02.535] [RBXClient] [trace] [20littlemen2 (6896)][::CRefresh]: Client DataModel refreshed
[2026-06-04 13:36:02.542] [RBXClient] [trace] [20littlemen2 (6896)][::HandleAutoExecute]: Executed 1 script(s) from autoexec directory
[2026-06-04 13:36:02.558] [RBXClient] [trace] [20littlemen2 (6896)]: Attach ping received from client "20littlemen2", This indicates everything was successful.
[2026-06-04 13:38:18.379] [RBXClient] [trace] [20littlemen2 (6896)][::PlayerRemoving]: Player leaving ping recieved. We have to reattach.
[2026-06-04 13:38:18.379] [RBXClient] [trace] [20littlemen2 (6896)][::PlayerRemoving]: DataModel is being loaded...
[2026-06-04 13:38:19.373] [RBXClient] [trace] 	[20littlemen2 (6896)][::PlayerRemoving]: DataModel was loaded successfully
[2026-06-04 13:38:19.374] [RBXClient] [info] [20littlemen2 (6896)]: Waiting for you to enter a game...
[2026-06-04 13:38:26.842] [RBXClient] [info] [20littlemen2 (6896)]:  Game has loaded (yielding)
[2026-06-04 13:38:26.842] [RBXClient] [trace] [20littlemen2 (6896)]: Attaching in-game using translation module.
[2026-06-04 13:38:27.027] [RBXClient] [trace] [20littlemen2 (6896)]: Intercepted translation module @0x1c4aeb13180
[2026-06-04 13:38:27.569] [RBXClient] [warning] [20littlemen2 (6896)]: Attach is taking longer than expected... (I hate you 20littlemen2)
[2026-06-04 13:38:27.591] [RBXClient] [trace] [20littlemen2 (6896)][::CRefresh]: Client DataModel refreshed
[2026-06-04 13:38:27.597] [RBXClient] [trace] [20littlemen2 (6896)]: Attach ping received from client "20littlemen2", This indicates everything was successful.
[2026-06-04 13:40:00.656] [RBXClient] [trace] [20littlemen2 (6896)][::PlayerRemoving]: Player leaving ping recieved. We have to reattach.
[2026-06-04 13:40:00.656] [RBXClient] [trace] [20littlemen2 (6896)][::PlayerRemoving]: DataModel is being loaded...
[2026-06-04 13:40:01.743] [RBXClient] [trace] 	[20littlemen2 (6896)][::PlayerRemoving]: DataModel was loaded successfully
[2026-06-04 13:40:01.744] [RBXClient] [info] [20littlemen2 (6896)]: Waiting for you to enter a game...
[2026-06-04 13:40:08.866] [RBXClient] [info] [20littlemen2 (6896)]:  Game has loaded (yielding)
[2026-06-04 13:40:08.866] [RBXClient] [trace] [20littlemen2 (6896)]: Attaching in-game using translation module.
[2026-06-04 13:40:09.051] [RBXClient] [trace] [20littlemen2 (6896)]: Intercepted translation module @0x1c4b794e400
[2026-06-04 13:40:09.113] [Execution] [error] [6896]: Could not find a CoreModule; You are not attached properly. There might be a error with the client init script or your Roblox window failed to refresh
[2026-06-04 13:40:09.176] [Execution] [error] [6896]: Could not find a CoreModule; You are not attached properly. There might be a error with the client init script or your Roblox window failed to refresh
[2026-06-04 13:40:09.222] [Execution] [error] [6896]: Could not find a CoreModule; You are not attached properly. There might be a error with the client init script or your Roblox window failed to refresh
[2026-06-04 13:40:13.910] [RBXClient] [trace] [20littlemen2 (6896)][::BytecodePatchWatcherT]: Threshold reached. Workers failed to call restore (Automatically restoring to prevent crash)
[2026-06-04 13:40:16.493] [Xeno] [info] Removed RBXClient: 6896
[2026-06-04 13:40:16.894] [RBXClient] [critical] [20littlemen2 (6896)]: Client was closed while attaching in-game
[2026-06-04 13:40:16.894] [RBXClient] [trace] [20littlemen2 (6896)][::~RBXClient]: Client was closed and cleaned up successfully
[2026-06-04 13:40:21.496] [Xeno] [info] Cleaned up '6896' from InitializedClients
[2026-06-04 13:40:53.515] [Xeno] [info] Creating new RBXClient: 6308
[2026-06-04 13:40:53.515] [RBXClient] [info] [6308]: Initializing...
[2026-06-04 13:40:53.515] [RBXClient] [info] [6308]: Version: version-ad5d3e2906444472
[2026-06-04 13:40:53.515] [Xeno] [debug] Created RBXClient instance @0x1c5400ade10
[2026-06-04 13:40:53.515] [Xeno] [info] Successfully created RBXClient: 6308
[2026-06-04 13:40:53.515] [RBXClient] [trace] [6308]: Attempting to retrieve RBXClient data...
[2026-06-04 13:40:53.610] [RBXClient] [trace] [6308]: Successfully retrieved RBXClient data (Primary)
[2026-06-04 13:40:53.611] [RBXClient] [debug] [6308]: Fetching DataModel...
[2026-06-04 13:40:53.666] [RBXClient] [debug] [6308]: 	String: 0x1dabf6a6f88
[2026-06-04 13:40:53.666] [RBXClient] [debug] [6308]: 	RenderView: 0x1dabba3e680
[2026-06-04 13:40:53.983] [RBXClient] [debug] [6308]: 2855 candidates found for the instruction
[2026-06-04 13:40:53.984] [RBXClient] [debug] [6308]:  Instruction address: 0x1d9a6ffd81a
[2026-06-04 13:40:53.984] [RBXClient] [debug] [6308]: Bytecode Patch Watcher thread: 0x49a343f9d0
[2026-06-04 13:40:53.985] [RBXClient] [debug] [6308]: DataModel (Ugc): 0x1daae0a3e48
[2026-06-04 13:40:53.986] [RBXClient] [debug] [6308]: LocalPlayer: 0x1dabc2a3080
[2026-06-04 13:40:53.986] [RBXClient] [debug] [20littlemen2 (6308)]: LocalPlayer Name: '20littlemen2'
[2026-06-04 13:40:53.987] [RBXClient] [trace] [20littlemen2 (6308)]: Attaching in-game using translation module.
[2026-06-04 13:40:54.160] [RBXClient] [trace] [20littlemen2 (6308)]: Intercepted translation module @0x1dabc938e40
[2026-06-04 13:40:54.689] [RBXClient] [warning] [20littlemen2 (6308)]: Attach is taking longer than expected... (I hate you 20littlemen2)
[2026-06-04 13:40:54.704] [RBXClient] [trace] [20littlemen2 (6308)][::CRefresh]: Client DataModel refreshed
[2026-06-04 13:40:54.712] [RBXClient] [trace] [20littlemen2 (6308)][::HandleAutoExecute]: Executed 1 script(s) from autoexec directory
[2026-06-04 13:40:54.720] [RBXClient] [trace] [20littlemen2 (6308)]: Attach ping received from client "20littlemen2", This indicates everything was successful.
[2026-06-04 13:42:26.591] [RBXClient] [trace] [20littlemen2 (6308)][::PlayerRemoving]: Player leaving ping recieved. We have to reattach.
[2026-06-04 13:42:26.591] [RBXClient] [trace] [20littlemen2 (6308)][::PlayerRemoving]: DataModel is being loaded...
[2026-06-04 13:42:26.651] [RBXClient] [trace] 	[20littlemen2 (6308)][::PlayerRemoving]: DataModel was loaded successfully
[2026-06-04 13:42:26.652] [RBXClient] [info] [20littlemen2 (6308)]: Waiting for you to enter a game...
[2026-06-04 13:42:40.272] [RBXClient] [info] [20littlemen2 (6308)]:  Game has loaded (yielding)
[2026-06-04 13:42:40.272] [RBXClient] [trace] [20littlemen2 (6308)]: Attaching in-game using translation module.
[2026-06-04 13:42:40.465] [RBXClient] [trace] [20littlemen2 (6308)]: Intercepted translation module @0x1dad5a6e940
[2026-06-04 13:42:40.556] [RBXClient] [trace] [20littlemen2 (6308)][::CRefresh]: Client DataModel refreshed
[2026-06-04 13:42:40.567] [RBXClient] [trace] [20littlemen2 (6308)]: Attach ping received from client "20littlemen2", This indicates everything was successful.
[2026-06-04 13:44:00.706] [RBXClient] [trace] [20littlemen2 (6308)][::PlayerRemoving]: Player leaving ping recieved. We have to reattach.
[2026-06-04 13:44:00.706] [RBXClient] [trace] [20littlemen2 (6308)][::PlayerRemoving]: DataModel is being loaded...
[2026-06-04 13:44:00.766] [RBXClient] [trace] 	[20littlemen2 (6308)][::PlayerRemoving]: DataModel was loaded successfully
[2026-06-04 13:44:00.767] [RBXClient] [info] [20littlemen2 (6308)]: Waiting for you to enter a game...
[2026-06-04 13:44:09.717] [RBXClient] [info] [20littlemen2 (6308)]:  Game has loaded (yielding)
[2026-06-04 13:44:09.717] [RBXClient] [trace] [20littlemen2 (6308)]: Attaching in-game using translation module.
[2026-06-04 13:44:09.917] [RBXClient] [trace] [20littlemen2 (6308)]: Intercepted translation module @0x1dadbce2c40
[2026-06-04 13:44:10.031] [RBXClient] [trace] [20littlemen2 (6308)][::CRefresh]: Client DataModel refreshed
[2026-06-04 13:44:10.043] [RBXClient] [trace] [20littlemen2 (6308)]: Attach ping received from client "20littlemen2", This indicates everything was successful.
[2026-06-04 13:44:17.435] [RBXClient] [trace] [20littlemen2 (6308)][::~RBXClient]: Client was closed and cleaned up successfully
[2026-06-04 13:44:17.435] [Xeno] [info] Removed RBXClient: 6308
[2026-06-04 13:44:22.447] [Xeno] [info] Cleaned up '6308' from InitializedClients
