[2026-06-04 20:34:26.041] [Xeno] [trace] Xeno is only maintained by Rizve. If you find any bugs, have any question, or just want to chat email me rizve@xeno.onl or DM me on Discord: .rizve
[2026-06-04 20:34:26.041] [Xeno] [info] Version: Xeno - v1.3.55
[2026-06-04 20:34:26.041] [Xeno] [info] Log file: C:\Users\holla\source\repos\Loader\Loader\bin\x64\Release\logs\2026-06-04_20-34-26.log
[2026-06-04 20:34:26.043] [Xeno] [debug] Client Checker thread: 0x77c69fd970
[2026-06-04 20:34:26.043] [Xeno] [debug] Xeno Caching thread: 0x77c69fd960
[2026-06-04 20:34:26.043] [Xeno] [debug] WebSockets Cleaner thread: 0x77c69fd950
[2026-06-04 20:34:26.043] [Cache] [info] Caching file: C:\Users\holla\AppData\Local\Xeno\XENO_CACHE.bin
[2026-06-04 20:34:26.043] [Xeno] [debug] Xeno Server thread: 0x77c69fd940
[2026-06-04 20:34:26.044] [Server] [info] Xeno Server is Live on http://localhost:3110
[2026-06-04 20:34:26.044] [Server] [info] Visit http://localhost:3110 to view any additional information
[2026-06-04 20:34:26.057] [Xeno] [info] Creating new RBXClient: 30336
[2026-06-04 20:34:26.058] [RBXClient] [info] [30336]: Initializing...
[2026-06-04 20:34:26.058] [RBXClient] [info] [30336]: Version: version-ad5d3e2906444472
[2026-06-04 20:34:26.058] [Xeno] [debug] Created RBXClient instance @0x212bd0ad570
[2026-06-04 20:34:26.058] [Xeno] [info] Successfully created RBXClient: 30336
[2026-06-04 20:34:26.058] [RBXClient] [trace] [30336]: Attempting to retrieve RBXClient data...
[2026-06-04 20:34:26.141] [RBXClient] [trace] [30336]: Successfully retrieved RBXClient data (Primary)
[2026-06-04 20:34:26.142] [RBXClient] [debug] [30336]: Fetching DataModel...
[2026-06-04 20:34:26.199] [RBXClient] [debug] [30336]: 	String: 0x262cf859c88
[2026-06-04 20:34:26.199] [RBXClient] [debug] [30336]: 	RenderView: 0x262cf82f580
[2026-06-04 20:34:26.443] [RBXClient] [debug] [30336]: 2262 candidates found for the instruction
[2026-06-04 20:34:26.444] [RBXClient] [debug] [30336]:  Instruction address: 0x261bb77d81a
[2026-06-04 20:34:26.444] [RBXClient] [debug] [30336]: Bytecode Patch Watcher thread: 0x77ce9ff320
[2026-06-04 20:34:26.445] [RBXClient] [debug] [30336]: DataModel (Ugc): 0x262c6b11a48
[2026-06-04 20:34:26.446] [RBXClient] [debug] [30336]: LocalPlayer: 0x262c9e83080
[2026-06-04 20:34:26.446] [RBXClient] [debug] [20littlemen2 (30336)]: LocalPlayer Name: '20littlemen2'
[2026-06-04 20:34:26.447] [RBXClient] [trace] [20littlemen2 (30336)]: Attaching in-game using translation module.
[2026-06-04 20:34:26.657] [RBXClient] [trace] [20littlemen2 (30336)]: Intercepted translation module @0x262ca413c00
[2026-06-04 20:34:26.677] [RBXClient] [trace] [20littlemen2 (30336)][::CRefresh]: Client DataModel refreshed
[2026-06-04 20:34:26.683] [RBXClient] [trace] [20littlemen2 (30336)][::HandleAutoExecute]: Executed 1 script(s) from autoexec directory
[2026-06-04 20:34:26.684] [RBXClient] [trace] [20littlemen2 (30336)]: Attach ping received from client "20littlemen2", This indicates everything was successful.
[2026-06-04 20:35:40.759] [RBXClient] [trace] [20littlemen2 (30336)][::PlayerRemoving]: Player leaving ping recieved. We have to reattach.
[2026-06-04 20:35:40.759] [RBXClient] [trace] [20littlemen2 (30336)][::PlayerRemoving]: DataModel is being loaded...
[2026-06-04 20:35:41.854] [RBXClient] [trace] 	[20littlemen2 (30336)][::PlayerRemoving]: DataModel was loaded successfully
[2026-06-04 20:35:41.855] [RBXClient] [info] [20littlemen2 (30336)]: Waiting for you to enter a game...
[2026-06-04 20:35:50.688] [RBXClient] [info] [20littlemen2 (30336)]:  Game has loaded (yielding)
[2026-06-04 20:35:50.688] [RBXClient] [trace] [20littlemen2 (30336)]: Attaching in-game using translation module.
[2026-06-04 20:35:50.873] [RBXClient] [trace] [20littlemen2 (30336)]: Intercepted translation module @0x262c6f57cc0
[2026-06-04 20:35:50.977] [RBXClient] [trace] [20littlemen2 (30336)][::CRefresh]: Client DataModel refreshed
[2026-06-04 20:35:50.991] [RBXClient] [trace] [20littlemen2 (30336)]: Attach ping received from client "20littlemen2", This indicates everything was successful.
[2026-06-04 20:37:42.382] [RBXClient] [trace] [20littlemen2 (30336)][::~RBXClient]: Client was closed and cleaned up successfully
[2026-06-04 20:37:42.382] [Xeno] [info] Removed RBXClient: 30336
[2026-06-04 20:37:47.392] [Xeno] [info] Cleaned up '30336' from InitializedClients
[2026-06-04 20:38:09.829] [Xeno] [info] Creating new RBXClient: 5320
[2026-06-04 20:38:09.829] [RBXClient] [info] [5320]: Initializing...
[2026-06-04 20:38:09.829] [RBXClient] [info] [5320]: Version: version-ad5d3e2906444472
[2026-06-04 20:38:09.829] [Xeno] [debug] Created RBXClient instance @0x212bd0ad570
[2026-06-04 20:38:09.829] [Xeno] [info] Successfully created RBXClient: 5320
[2026-06-04 20:38:09.830] [RBXClient] [trace] [5320]: Attempting to retrieve RBXClient data...
[2026-06-04 20:38:09.916] [RBXClient] [trace] [5320]: Successfully retrieved RBXClient data (Primary)
[2026-06-04 20:38:09.917] [RBXClient] [debug] [5320]: Fetching DataModel...
[2026-06-04 20:38:09.966] [RBXClient] [debug] [5320]: 	String: 0x1faafa49288
[2026-06-04 20:38:09.966] [RBXClient] [debug] [5320]: 	RenderView: 0x1faaf97eb80
[2026-06-04 20:38:10.220] [RBXClient] [debug] [5320]: 2972 candidates found for the instruction
[2026-06-04 20:38:10.220] [RBXClient] [debug] [5320]:  Instruction address: 0x1f99a38d81a
[2026-06-04 20:38:10.221] [RBXClient] [debug] [5320]: Bytecode Patch Watcher thread: 0x77c81ff510
[2026-06-04 20:38:10.222] [RBXClient] [debug] [5320]: DataModel (Ugc): 0x1faa58d3e48
[2026-06-04 20:38:10.223] [RBXClient] [debug] [5320]: LocalPlayer: 0x1faa8703080
[2026-06-04 20:38:10.223] [RBXClient] [debug] [20littlemen2 (5320)]: LocalPlayer Name: '20littlemen2'
[2026-06-04 20:38:10.224] [RBXClient] [trace] [20littlemen2 (5320)]: Attaching in-game using translation module.
[2026-06-04 20:38:10.406] [RBXClient] [trace] [20littlemen2 (5320)]: Intercepted translation module @0x1faa75a3c00
[2026-06-04 20:38:10.434] [RBXClient] [trace] [20littlemen2 (5320)][::CRefresh]: Client DataModel refreshed
[2026-06-04 20:38:10.444] [RBXClient] [trace] [20littlemen2 (5320)][::HandleAutoExecute]: Executed 1 script(s) from autoexec directory
[2026-06-04 20:38:10.446] [RBXClient] [trace] [20littlemen2 (5320)]: Attach ping received from client "20littlemen2", This indicates everything was successful.
[2026-06-04 20:45:00.002] [RBXClient] [trace] [20littlemen2 (5320)][::PlayerRemoving]: Player leaving ping recieved. We have to reattach.
[2026-06-04 20:45:00.002] [RBXClient] [trace] [20littlemen2 (5320)][::PlayerRemoving]: DataModel is being loaded...
[2026-06-04 20:45:01.149] [RBXClient] [trace] 	[20littlemen2 (5320)][::PlayerRemoving]: DataModel was loaded successfully
[2026-06-04 20:45:01.150] [RBXClient] [info] [20littlemen2 (5320)]: Waiting for you to enter a game...
[2026-06-04 20:45:13.616] [RBXClient] [info] [20littlemen2 (5320)]:  Game has loaded (yielding)
[2026-06-04 20:45:13.616] [RBXClient] [trace] [20littlemen2 (5320)]: Attaching in-game using translation module.
[2026-06-04 20:45:13.843] [RBXClient] [trace] [20littlemen2 (5320)]: Intercepted translation module @0x1faa17b1ac0
[2026-06-04 20:45:13.862] [RBXClient] [trace] [20littlemen2 (5320)][::CRefresh]: Client DataModel refreshed
[2026-06-04 20:45:13.871] [RBXClient] [trace] [20littlemen2 (5320)]: Attach ping received from client "20littlemen2", This indicates everything was successful.
[2026-06-04 20:46:17.833] [RBXClient] [trace] [20littlemen2 (5320)][::PlayerRemoving]: Player leaving ping recieved. We have to reattach.
[2026-06-04 20:46:17.833] [RBXClient] [trace] [20littlemen2 (5320)][::PlayerRemoving]: DataModel is being loaded...
[2026-06-04 20:46:17.893] [RBXClient] [trace] 	[20littlemen2 (5320)][::PlayerRemoving]: DataModel was loaded successfully
[2026-06-04 20:46:17.894] [RBXClient] [info] [20littlemen2 (5320)]: Waiting for you to enter a game...
[2026-06-04 20:46:53.511] [RBXClient] [info] [20littlemen2 (5320)]:  Game has loaded (yielding)
[2026-06-04 20:46:53.511] [RBXClient] [trace] [20littlemen2 (5320)]: Attaching in-game using translation module.
[2026-06-04 20:46:53.725] [RBXClient] [trace] [20littlemen2 (5320)]: Intercepted translation module @0x1fac862e400
[2026-06-04 20:46:53.748] [RBXClient] [trace] [20littlemen2 (5320)][::CRefresh]: Client DataModel refreshed
[2026-06-04 20:46:53.757] [RBXClient] [trace] [20littlemen2 (5320)]: Attach ping received from client "20littlemen2", This indicates everything was successful.
[2026-06-04 20:48:54.281] [RBXClient] [trace] [20littlemen2 (5320)][::PlayerRemoving]: Player leaving ping recieved. We have to reattach.
[2026-06-04 20:48:54.281] [RBXClient] [trace] [20littlemen2 (5320)][::PlayerRemoving]: DataModel is being loaded...
[2026-06-04 20:48:54.350] [RBXClient] [trace] 	[20littlemen2 (5320)][::PlayerRemoving]: DataModel was loaded successfully
[2026-06-04 20:48:54.351] [RBXClient] [info] [20littlemen2 (5320)]: Waiting for you to enter a game...
[2026-06-04 20:49:57.833] [RBXClient] [info] [20littlemen2 (5320)]:  Game has loaded (yielding)
[2026-06-04 20:49:57.833] [RBXClient] [trace] [20littlemen2 (5320)]: Attaching in-game using translation module.
[2026-06-04 20:49:58.041] [RBXClient] [trace] [20littlemen2 (5320)]: Intercepted translation module @0x1fb735d2540
[2026-06-04 20:49:58.058] [RBXClient] [trace] [20littlemen2 (5320)][::CRefresh]: Client DataModel refreshed
[2026-06-04 20:49:58.065] [RBXClient] [trace] [20littlemen2 (5320)]: Attach ping received from client "20littlemen2", This indicates everything was successful.
[2026-06-04 20:50:59.748] [RBXClient] [trace] [20littlemen2 (5320)][::PlayerRemoving]: Player leaving ping recieved. We have to reattach.
[2026-06-04 20:50:59.748] [RBXClient] [trace] [20littlemen2 (5320)][::PlayerRemoving]: DataModel is being loaded...
[2026-06-04 20:51:00.768] [RBXClient] [trace] 	[20littlemen2 (5320)][::PlayerRemoving]: DataModel was loaded successfully
[2026-06-04 20:51:00.769] [RBXClient] [info] [20littlemen2 (5320)]: Waiting for you to enter a game...
[2026-06-04 20:51:03.678] [RBXClient] [info] [20littlemen2 (5320)]:  Game has loaded (yielding)
[2026-06-04 20:51:03.678] [RBXClient] [trace] [20littlemen2 (5320)]: Attaching in-game using translation module.
[2026-06-04 20:51:03.970] [RBXClient] [trace] [20littlemen2 (5320)]: Intercepted translation module @0x1faa87fe5c0
[2026-06-04 20:51:04.541] [RBXClient] [warning] [20littlemen2 (5320)]: Attach is taking longer than expected... (I hate you 20littlemen2)
[2026-06-04 20:51:05.617] [RBXClient] [trace] [20littlemen2 (5320)][::CRefresh]: Client DataModel refreshed
[2026-06-04 20:51:05.626] [RBXClient] [trace] [20littlemen2 (5320)]: Attach ping received from client "20littlemen2", This indicates everything was successful.
[2026-06-04 20:53:16.949] [RBXClient] [trace] [20littlemen2 (5320)][::PlayerRemoving]: Player leaving ping recieved. We have to reattach.
[2026-06-04 20:53:16.950] [RBXClient] [trace] [20littlemen2 (5320)][::PlayerRemoving]: DataModel is being loaded...
[2026-06-04 20:53:17.037] [RBXClient] [trace] 	[20littlemen2 (5320)][::PlayerRemoving]: DataModel was loaded successfully
[2026-06-04 20:53:17.038] [RBXClient] [info] [20littlemen2 (5320)]: Waiting for you to enter a game...
[2026-06-04 21:11:04.337] [RBXClient] [info] [20littlemen2 (5320)]:  Game has loaded (yielding)
[2026-06-04 21:11:04.337] [RBXClient] [trace] [20littlemen2 (5320)]: Attaching in-game using translation module.
[2026-06-04 21:11:04.588] [RBXClient] [trace] [20littlemen2 (5320)]: Intercepted translation module @0x1fb6d2613c0
[2026-06-04 21:11:05.135] [RBXClient] [warning] [20littlemen2 (5320)]: Attach is taking longer than expected... (I hate you 20littlemen2)
[2026-06-04 21:11:07.226] [RBXClient] [warning] [20littlemen2 (5320)]: Client is attached but failed to ping the server due to unstable network -- Xeno may not work properly on a slow or unstable network!
[2026-06-04 21:11:07.722] [RBXClient] [trace] [20littlemen2 (5320)][::CRefresh]: Client DataModel refreshed
[2026-06-04 21:11:07.729] [RBXClient] [trace] [20littlemen2 (5320)]: Attach ping received from client "20littlemen2", This indicates everything was successful.
[2026-06-04 21:11:14.858] [RBXClient] [trace] [20littlemen2 (5320)][::~RBXClient]: Client was closed and cleaned up successfully
[2026-06-04 21:11:14.858] [Xeno] [info] Removed RBXClient: 5320
[2026-06-04 21:11:19.859] [Xeno] [info] Cleaned up '5320' from InitializedClients
