[2026-06-04 16:01:43.060] [Xeno] [trace] Xeno is only maintained by Rizve. If you find any bugs, have any question, or just want to chat email me rizve@xeno.onl or DM me on Discord: .rizve
[2026-06-04 16:01:43.060] [Xeno] [info] Version: Xeno - v1.3.55
[2026-06-04 16:01:43.060] [Xeno] [info] Log file: C:\Users\holla\source\repos\Loader\Loader\bin\x64\Release\logs\2026-06-04_16-01-43.log
[2026-06-04 16:01:43.064] [Xeno] [debug] Client Checker thread: 0x41955fded0
[2026-06-04 16:01:43.064] [Xeno] [debug] Xeno Caching thread: 0x41955fdec0
[2026-06-04 16:01:43.065] [Xeno] [debug] WebSockets Cleaner thread: 0x41955fdeb0
[2026-06-04 16:01:43.065] [Cache] [info] Caching file: C:\Users\holla\AppData\Local\Xeno\XENO_CACHE.bin
[2026-06-04 16:01:43.065] [Xeno] [debug] Xeno Server thread: 0x41955fdea0
[2026-06-04 16:01:43.065] [Server] [info] Xeno Server is Live on http://localhost:3110
[2026-06-04 16:01:43.065] [Server] [info] Visit http://localhost:3110 to view any additional information
[2026-06-04 16:01:43.078] [Xeno] [info] Creating new RBXClient: 35060
[2026-06-04 16:01:43.078] [RBXClient] [info] [35060]: Initializing...
[2026-06-04 16:01:43.078] [RBXClient] [info] [35060]: Version: version-ad5d3e2906444472
[2026-06-04 16:01:43.078] [Xeno] [debug] Created RBXClient instance @0x1f21c6533c0
[2026-06-04 16:01:43.078] [Xeno] [info] Successfully created RBXClient: 35060
[2026-06-04 16:01:43.078] [RBXClient] [trace] [35060]: Attempting to retrieve RBXClient data...
[2026-06-04 16:01:43.172] [RBXClient] [trace] [35060]: Successfully retrieved RBXClient data (Primary)
[2026-06-04 16:01:43.174] [RBXClient] [debug] [35060]: Fetching DataModel...
[2026-06-04 16:01:43.232] [RBXClient] [debug] [35060]: 	String: 0x1e71af38d88
[2026-06-04 16:01:43.232] [RBXClient] [debug] [35060]: 	RenderView: 0x1e71aeef580
[2026-06-04 16:01:43.715] [RBXClient] [debug] [35060]: 2061 candidates found for the instruction
[2026-06-04 16:01:43.715] [RBXClient] [debug] [35060]:  Instruction address: 0x1e7065dd81a
[2026-06-04 16:01:43.716] [RBXClient] [debug] [35060]: Bytecode Patch Watcher thread: 0x419d5ff940
[2026-06-04 16:01:43.717] [RBXClient] [debug] [35060]: DataModel (Ugc): 0x1e7127d1a48
[2026-06-04 16:01:43.718] [RBXClient] [debug] [35060]: LocalPlayer: 0x1e717a11880
[2026-06-04 16:01:43.718] [RBXClient] [debug] [20littlemen2 (35060)]: LocalPlayer Name: '20littlemen2'
[2026-06-04 16:01:43.720] [RBXClient] [trace] [20littlemen2 (35060)]: Attaching in-game using translation module.
[2026-06-04 16:01:43.906] [RBXClient] [trace] [20littlemen2 (35060)]: Intercepted translation module @0x1e713b13c00
[2026-06-04 16:01:43.922] [RBXClient] [trace] [20littlemen2 (35060)][::CRefresh]: Client DataModel refreshed
[2026-06-04 16:01:43.930] [RBXClient] [trace] [20littlemen2 (35060)][::HandleAutoExecute]: Executed 1 script(s) from autoexec directory
[2026-06-04 16:01:43.932] [RBXClient] [trace] [20littlemen2 (35060)]: Attach ping received from client "20littlemen2", This indicates everything was successful.
[2026-06-04 16:03:33.020] [RBXClient] [trace] [20littlemen2 (35060)][::PlayerRemoving]: Player leaving ping recieved. We have to reattach.
[2026-06-04 16:03:33.020] [RBXClient] [trace] [20littlemen2 (35060)][::PlayerRemoving]: DataModel is being loaded...
[2026-06-04 16:03:34.013] [RBXClient] [trace] 	[20littlemen2 (35060)][::PlayerRemoving]: DataModel was loaded successfully
[2026-06-04 16:03:34.014] [RBXClient] [info] [20littlemen2 (35060)]: Waiting for you to enter a game...
[2026-06-04 16:03:41.614] [RBXClient] [info] [20littlemen2 (35060)]:  Game has loaded (yielding)
[2026-06-04 16:03:41.614] [RBXClient] [trace] [20littlemen2 (35060)]: Attaching in-game using translation module.
[2026-06-04 16:03:41.797] [RBXClient] [trace] [20littlemen2 (35060)]: Intercepted translation module @0x1e71e24bf40
[2026-06-04 16:03:42.012] [RBXClient] [trace] [20littlemen2 (35060)][::CRefresh]: Client DataModel refreshed
[2026-06-04 16:03:42.022] [RBXClient] [trace] [20littlemen2 (35060)]: Attach ping received from client "20littlemen2", This indicates everything was successful.
[2026-06-04 16:10:00.928] [RBXClient] [trace] [20littlemen2 (35060)][::PlayerRemoving]: Player leaving ping recieved. We have to reattach.
[2026-06-04 16:10:00.928] [RBXClient] [trace] [20littlemen2 (35060)][::PlayerRemoving]: DataModel is being loaded...
[2026-06-04 16:10:01.139] [RBXClient] [trace] 	[20littlemen2 (35060)][::PlayerRemoving]: DataModel was loaded successfully
[2026-06-04 16:10:01.140] [RBXClient] [info] [20littlemen2 (35060)]: Waiting for you to enter a game...
[2026-06-04 16:10:08.246] [RBXClient] [info] [20littlemen2 (35060)]:  Game has loaded (yielding)
[2026-06-04 16:10:08.246] [RBXClient] [trace] [20littlemen2 (35060)]: Attaching in-game using translation module.
[2026-06-04 16:10:08.446] [RBXClient] [trace] [20littlemen2 (35060)]: Intercepted translation module @0x1e7377b5800
[2026-06-04 16:10:08.994] [RBXClient] [warning] [20littlemen2 (35060)]: Attach is taking longer than expected... (I hate you 20littlemen2)
[2026-06-04 16:10:09.048] [RBXClient] [trace] [20littlemen2 (35060)][::CRefresh]: Client DataModel refreshed
[2026-06-04 16:10:09.063] [RBXClient] [trace] [20littlemen2 (35060)]: Attach ping received from client "20littlemen2", This indicates everything was successful.
[2026-06-04 16:10:17.397] [RBXClient] [trace] [20littlemen2 (35060)][::PlayerRemoving]: Player leaving ping recieved. We have to reattach.
[2026-06-04 16:10:17.397] [RBXClient] [trace] [20littlemen2 (35060)][::PlayerRemoving]: DataModel is being loaded...
[2026-06-04 16:10:17.454] [RBXClient] [trace] 	[20littlemen2 (35060)][::PlayerRemoving]: DataModel was loaded successfully
[2026-06-04 16:10:17.455] [RBXClient] [info] [20littlemen2 (35060)]: Waiting for you to enter a game...
[2026-06-04 16:10:22.920] [RBXClient] [info] [20littlemen2 (35060)]:  Game has loaded (yielding)
[2026-06-04 16:10:22.920] [RBXClient] [trace] [20littlemen2 (35060)]: Attaching in-game using translation module.
[2026-06-04 16:10:23.080] [RBXClient] [trace] [20littlemen2 (35060)]: Intercepted translation module @0x1e8da122540
[2026-06-04 16:10:23.224] [RBXClient] [trace] [20littlemen2 (35060)][::CRefresh]: Client DataModel refreshed
[2026-06-04 16:10:23.231] [RBXClient] [trace] [20littlemen2 (35060)]: Attach ping received from client "20littlemen2", This indicates everything was successful.
[2026-06-04 16:22:07.905] [RBXClient] [trace] [20littlemen2 (35060)][::~RBXClient]: Client was closed and cleaned up successfully
[2026-06-04 16:22:07.905] [Xeno] [info] Removed RBXClient: 35060
[2026-06-04 16:22:12.919] [Xeno] [info] Cleaned up '35060' from InitializedClients
[2026-06-04 17:17:07.714] [Xeno] [info] Creating new RBXClient: 6424
[2026-06-04 17:17:07.714] [RBXClient] [info] [6424]: Initializing...
[2026-06-04 17:17:07.715] [RBXClient] [info] [6424]: Version: version-ad5d3e2906444472
[2026-06-04 17:17:07.715] [Xeno] [debug] Created RBXClient instance @0x1f21e15e530
[2026-06-04 17:17:07.715] [Xeno] [info] Successfully created RBXClient: 6424
[2026-06-04 17:17:07.715] [RBXClient] [trace] [6424]: Attempting to retrieve RBXClient data...
[2026-06-04 17:17:07.814] [RBXClient] [trace] [6424]: Successfully retrieved RBXClient data (Primary)
[2026-06-04 17:17:07.815] [RBXClient] [debug] [6424]: Fetching DataModel...
[2026-06-04 17:17:07.873] [RBXClient] [debug] [6424]: 	String: 0x139962fd888
[2026-06-04 17:17:07.873] [RBXClient] [debug] [6424]: 	RenderView: 0x1398f993280
[2026-06-04 17:17:08.380] [RBXClient] [debug] [6424]: 2116 candidates found for the instruction
[2026-06-04 17:17:08.381] [RBXClient] [debug] [6424]:  Instruction address: 0x139f300d81a
[2026-06-04 17:17:08.381] [RBXClient] [debug] [6424]: Bytecode Patch Watcher thread: 0x4196dff9b0
[2026-06-04 17:17:08.382] [RBXClient] [debug] [6424]: DataModel (Ugc): 0x139b56fe648
[2026-06-04 17:17:08.383] [RBXClient] [debug] [6424]: LocalPlayer: 0x1399a23c080
[2026-06-04 17:17:08.383] [RBXClient] [debug] [20littlemen2 (6424)]: LocalPlayer Name: '20littlemen2'
[2026-06-04 17:17:08.384] [RBXClient] [trace] [20littlemen2 (6424)]: Attaching in-game using translation module.
[2026-06-04 17:17:08.588] [RBXClient] [trace] [20littlemen2 (6424)]: Intercepted translation module @0x1399d70af80
[2026-06-04 17:17:08.614] [RBXClient] [trace] [20littlemen2 (6424)][::CRefresh]: Client DataModel refreshed
[2026-06-04 17:17:08.622] [RBXClient] [trace] [20littlemen2 (6424)][::HandleAutoExecute]: Executed 1 script(s) from autoexec directory
[2026-06-04 17:17:08.626] [RBXClient] [trace] [20littlemen2 (6424)]: Attach ping received from client "20littlemen2", This indicates everything was successful.
[2026-06-04 17:18:43.249] [RBXClient] [trace] [20littlemen2 (6424)][::~RBXClient]: Client was closed and cleaned up successfully
[2026-06-04 17:18:43.250] [Xeno] [info] Removed RBXClient: 6424
[2026-06-04 17:18:48.252] [Xeno] [info] Cleaned up '6424' from InitializedClients
