[2026-06-07 22:29:22.542] [Xeno] [trace] Xeno is only maintained by Rizve. If you find any bugs, have any question, or just want to chat email me rizve@xeno.onl or DM me on Discord: .rizve
[2026-06-07 22:29:22.542] [Xeno] [info] Version: Xeno - v1.3.55
[2026-06-07 22:29:22.542] [Xeno] [info] Log file: C:\Users\holla\source\repos\Loader\Loader\bin\x64\Release\logs\2026-06-07_22-29-22.log
[2026-06-07 22:29:22.546] [Xeno] [debug] Client Checker thread: 0xa4a15fe020
[2026-06-07 22:29:22.546] [Xeno] [debug] Xeno Caching thread: 0xa4a15fe010
[2026-06-07 22:29:22.546] [Xeno] [debug] WebSockets Cleaner thread: 0xa4a15fe000
[2026-06-07 22:29:22.546] [Cache] [info] Caching file: C:\Users\holla\AppData\Local\Xeno\XENO_CACHE.bin
[2026-06-07 22:29:22.546] [Xeno] [debug] Xeno Server thread: 0xa4a15fdff0
[2026-06-07 22:29:22.547] [Server] [info] Xeno Server is Live on http://localhost:3110
[2026-06-07 22:29:22.547] [Server] [info] Visit http://localhost:3110 to view any additional information
[2026-06-07 22:29:22.559] [Xeno] [info] Creating new RBXClient: 18224
[2026-06-07 22:29:22.559] [RBXClient] [info] [18224]: Initializing...
[2026-06-07 22:29:22.559] [RBXClient] [info] [18224]: Version: version-ad5d3e2906444472
[2026-06-07 22:29:22.559] [Xeno] [debug] Created RBXClient instance @0x1c2823ac440
[2026-06-07 22:29:22.559] [Xeno] [info] Successfully created RBXClient: 18224
[2026-06-07 22:29:22.559] [RBXClient] [trace] [18224]: Attempting to retrieve RBXClient data...
[2026-06-07 22:29:22.675] [RBXClient] [trace] [18224]: Successfully retrieved RBXClient data (Primary)
[2026-06-07 22:29:22.675] [RBXClient] [debug] [18224]: Fetching DataModel...
[2026-06-07 22:29:22.932] [RBXClient] [debug] [18224]: 	String: 0x1f64e33f908
[2026-06-07 22:29:22.932] [RBXClient] [debug] [18224]: 	RenderView: 0x1f64cd81480
[2026-06-07 22:29:23.305] [RBXClient] [debug] [18224]: 1967 candidates found for the instruction
[2026-06-07 22:29:23.306] [RBXClient] [debug] [18224]:  Instruction address: 0x1f53f8ad81a
[2026-06-07 22:29:23.306] [RBXClient] [debug] [18224]: Bytecode Patch Watcher thread: 0xa4a9dff940
[2026-06-07 22:29:23.307] [RBXClient] [debug] [18224]: DataModel (Ugc): 0x1f6551dda48
[2026-06-07 22:29:23.308] [RBXClient] [debug] [18224]: LocalPlayer: 0x1f6601e0080
[2026-06-07 22:29:23.308] [RBXClient] [debug] [1zigz (18224)]: LocalPlayer Name: '1zigz'
[2026-06-07 22:29:23.309] [RBXClient] [trace] [1zigz (18224)]: Attaching in-game using translation module.
[2026-06-07 22:29:23.518] [RBXClient] [trace] [1zigz (18224)]: Intercepted translation module @0x1f65d27c480
[2026-06-07 22:29:23.578] [RBXClient] [trace] [1zigz (18224)][::CRefresh]: Client DataModel refreshed
[2026-06-07 22:29:23.585] [RBXClient] [trace] [1zigz (18224)][::HandleAutoExecute]: Executed 1 script(s) from autoexec directory
[2026-06-07 22:29:23.597] [RBXClient] [trace] [1zigz (18224)]: Attach ping received from client "1zigz", This indicates everything was successful.
