[2026-06-08 08:12:59.913] [Xeno] [trace] Xeno is only maintained by Rizve. If you find any bugs, have any question, or just want to chat email me rizve@xeno.onl or DM me on Discord: .rizve
[2026-06-08 08:12:59.913] [Xeno] [info] Version: Xeno - v1.3.55
[2026-06-08 08:12:59.913] [Xeno] [info] Log file: C:\Users\holla\source\repos\Loader\Loader\bin\x64\Release\logs\2026-06-08_08-12-59.log
[2026-06-08 08:12:59.915] [Xeno] [debug] Client Checker thread: 0xe19dffdc30
[2026-06-08 08:12:59.915] [Xeno] [debug] Xeno Caching thread: 0xe19dffdc20
[2026-06-08 08:12:59.915] [Xeno] [debug] WebSockets Cleaner thread: 0xe19dffdc10
[2026-06-08 08:12:59.915] [Xeno] [debug] Xeno Server thread: 0xe19dffdc00
[2026-06-08 08:12:59.915] [Cache] [info] Caching file: C:\Users\holla\AppData\Local\Xeno\XENO_CACHE.bin
[2026-06-08 08:12:59.916] [Server] [info] Xeno Server is Live on http://localhost:3110
[2026-06-08 08:12:59.916] [Server] [info] Visit http://localhost:3110 to view any additional information
[2026-06-08 08:12:59.928] [Xeno] [info] Creating new RBXClient: 6568
[2026-06-08 08:12:59.928] [RBXClient] [info] [6568]: Initializing...
[2026-06-08 08:12:59.928] [RBXClient] [info] [6568]: Version: version-ad5d3e2906444472
[2026-06-08 08:12:59.928] [Xeno] [debug] Created RBXClient instance @0x1f729d1a3d0
[2026-06-08 08:12:59.928] [Xeno] [info] Successfully created RBXClient: 6568
[2026-06-08 08:12:59.928] [RBXClient] [trace] [6568]: Attempting to retrieve RBXClient data...
[2026-06-08 08:13:00.031] [RBXClient] [trace] [6568]: Successfully retrieved RBXClient data (Primary)
[2026-06-08 08:13:00.031] [RBXClient] [debug] [6568]: Fetching DataModel...
[2026-06-08 08:13:00.063] [RBXClient] [debug] [6568]: 	String: 0x2508fbd7e88
[2026-06-08 08:13:00.063] [RBXClient] [debug] [6568]: 	RenderView: 0x2508fafeb80
[2026-06-08 08:13:00.305] [RBXClient] [debug] [6568]: 1818 candidates found for the instruction
[2026-06-08 08:13:00.305] [RBXClient] [debug] [6568]:  Instruction address: 0x250f816d81a
[2026-06-08 08:13:00.305] [RBXClient] [debug] [6568]: Bytecode Patch Watcher thread: 0xe1a6fff570
[2026-06-08 08:13:00.306] [RBXClient] [debug] [6568]: DataModel (Ugc): 0x25084031a48
[2026-06-08 08:13:00.306] [RBXClient] [debug] [6568]: LocalPlayer: 0x2508a9b3080
[2026-06-08 08:13:00.306] [RBXClient] [debug] [1zigz (6568)]: LocalPlayer Name: '1zigz'
[2026-06-08 08:13:00.307] [RBXClient] [trace] [1zigz (6568)]: Attaching in-game using translation module.
[2026-06-08 08:13:00.471] [RBXClient] [trace] [1zigz (6568)]: Intercepted translation module @0x250895f3c00
[2026-06-08 08:13:00.485] [RBXClient] [trace] [1zigz (6568)][::CRefresh]: Client DataModel refreshed
[2026-06-08 08:13:00.493] [RBXClient] [trace] [1zigz (6568)][::HandleAutoExecute]: Executed 1 script(s) from autoexec directory
[2026-06-08 08:13:00.495] [RBXClient] [trace] [1zigz (6568)]: Attach ping received from client "1zigz", This indicates everything was successful.
