[2026-06-03 14:43:41.612] [Xeno] [trace] Xeno is only maintained by Rizve. If you find any bugs, have any question, or just want to chat email me rizve@xeno.onl or DM me on Discord: .rizve
[2026-06-03 14:43:41.612] [Xeno] [info] Version: Xeno - v1.3.50
[2026-06-03 14:43:41.612] [Xeno] [info] Log file: C:\Users\holla\source\repos\Loader\Loader\bin\x64\Release\logs\2026-06-03_14-43-41.log
[2026-06-03 14:43:41.614] [Xeno] [debug] Client Checker thread: 0xd5e07fdd40
[2026-06-03 14:43:41.614] [Xeno] [debug] Xeno Caching thread: 0xd5e07fdd30
[2026-06-03 14:43:41.614] [Xeno] [debug] WebSockets Cleaner thread: 0xd5e07fdd20
[2026-06-03 14:43:41.614] [Cache] [info] Caching file: C:\Users\holla\AppData\Local\Xeno\XENO_CACHE.bin
[2026-06-03 14:43:41.614] [Xeno] [debug] Xeno Server thread: 0xd5e07fdd10
[2026-06-03 14:43:41.614] [Cache] [debug] No cache file found at C:\Users\holla\AppData\Local\Xeno\XENO_CACHE.bin
[2026-06-03 14:43:41.614] [Cache] [warning] No valid cache found (Starting new fresh cache)
[2026-06-03 14:43:41.614] [Cache] [info] Inviting you to our Official Discord server :D https://discord.gg/xe-no
[2026-06-03 14:43:41.614] [Server] [info] Xeno Server is Live on http://localhost:3110
[2026-06-03 14:43:41.614] [Server] [info] Visit http://localhost:3110 to view any additional information
[2026-06-03 14:43:41.630] [Xeno] [info] Creating new RBXClient: 14220
[2026-06-03 14:43:41.630] [RBXClient] [info] [14220]: Initializing...
[2026-06-03 14:43:41.631] [RBXClient] [info] [14220]: Version: version-460909c4fe904aae
[2026-06-03 14:43:41.631] [Xeno] [debug] Created RBXClient instance @0x25e6d65efa0
[2026-06-03 14:43:41.631] [Xeno] [info] Successfully created RBXClient: 14220
[2026-06-03 14:43:41.633] [RBXClient] [trace] [14220]: Attempting to retrieve RBXClient data...
[2026-06-03 14:43:41.725] [RBXClient] [trace] [14220]: Successfully retrieved RBXClient data (Primary)
[2026-06-03 14:43:41.726] [RBXClient] [debug] [14220]: Fetching DataModel...
[2026-06-03 14:43:41.798] [RBXClient] [debug] [14220]: 	String: 0x1fc29da7488
[2026-06-03 14:43:41.798] [RBXClient] [debug] [14220]: 	RenderView: 0x1fc29c8dc80
[2026-06-03 14:43:41.888] [RBXClient] [debug] [14220]: LsbValidateRO (true): 0x7ff677799140
[2026-06-03 14:43:41.888] [RBXClient] [debug] [14220]:  -> LsbValidateRO (false)
[2026-06-03 14:43:41.889] [RBXClient] [debug] [14220]: DataModel (Ugc): 0x1fc1cd82648
[2026-06-03 14:43:41.890] [RBXClient] [debug] [14220]: LocalPlayer: 0x1fc1d393080
[2026-06-03 14:43:41.890] [RBXClient] [debug] [coolcatone12 (14220)]: LocalPlayer Name: 'coolcatone12'
[2026-06-03 14:43:41.891] [RBXClient] [trace] [coolcatone12 (14220)]: Attaching in-game using translation module.
[2026-06-03 14:43:42.033] [RBXClient] [debug] [coolcatone12 (14220)]: Bytecode Hash Map: 0x1fc449b00a0 (@0x7ff677799268)
[2026-06-03 14:43:42.212] [RBXClient] [trace] [coolcatone12 (14220)]: Intercepted translation module @0x1fc1b4c4140
[2026-06-03 14:43:42.235] [RBXClient] [trace] [coolcatone12 (14220)][::CRefresh]: Client DataModel refreshed
[2026-06-03 14:43:42.257] [RBXClient] [trace] [coolcatone12 (14220)][::HandleAutoExecute]: Executed 1 script(s) from autoexec directory
[2026-06-03 14:43:42.261] [RBXClient] [trace] [coolcatone12 (14220)][::RestoreBytecodeHash]: Given hash does not match (ignoring)
[2026-06-03 14:43:42.261] [RBXClient] [trace] [coolcatone12 (14220)]: Attach ping received from client "coolcatone12", This indicates everything was successful.
[2026-06-03 14:43:46.070] [RBXClient] [trace] [coolcatone12 (14220)][::RestoreBytecodeHash]: Given hash does not match (ignoring)
[2026-06-03 14:43:46.086] [RBXClient] [trace] [coolcatone12 (14220)][::RestoreBytecodeHash]: Given hash does not match (ignoring)
[2026-06-03 14:43:46.101] [RBXClient] [trace] [coolcatone12 (14220)][::RestoreBytecodeHash]: Given hash does not match (ignoring)
[2026-06-03 14:45:59.442] [RBXClient] [trace] [coolcatone12 (14220)][::RestoreBytecodeHash]: Given hash does not match (ignoring)
[2026-06-03 14:45:59.457] [RBXClient] [trace] [coolcatone12 (14220)][::RestoreBytecodeHash]: Given hash does not match (ignoring)
[2026-06-03 14:47:50.731] [RBXClient] [trace] [coolcatone12 (14220)][::RestoreBytecodeHash]: Given hash does not match (ignoring)
[2026-06-03 14:47:50.746] [RBXClient] [trace] [coolcatone12 (14220)][::RestoreBytecodeHash]: Given hash does not match (ignoring)
[2026-06-03 14:54:12.846] [RBXClient] [trace] [coolcatone12 (14220)][::PlayerRemoving]: Player leaving ping recieved. We have to reattach.
[2026-06-03 14:54:12.846] [RBXClient] [trace] [coolcatone12 (14220)][::RestoreBytecodeHash]: Given hash does not match (ignoring)
[2026-06-03 14:54:12.847] [RBXClient] [trace] [coolcatone12 (14220)][::PlayerRemoving]: DataModel is being loaded...
[2026-06-03 14:54:14.188] [RBXClient] [trace] 	[coolcatone12 (14220)][::PlayerRemoving]: DataModel was loaded successfully
[2026-06-03 14:54:14.189] [RBXClient] [info] [coolcatone12 (14220)]: Waiting for you to enter a game...
[2026-06-03 14:54:41.430] [RBXClient] [info] [coolcatone12 (14220)]:  Game has loaded (yielding)
[2026-06-03 14:54:42.234] [RBXClient] [trace] [coolcatone12 (14220)]: Attaching in-game using translation module.
[2026-06-03 14:54:42.396] [RBXClient] [trace] [coolcatone12 (14220)]: Intercepted translation module @0x1fc215c21c0
[2026-06-03 14:54:42.407] [RBXClient] [trace] [coolcatone12 (14220)][::CRefresh]: Client DataModel refreshed
[2026-06-03 14:54:42.413] [RBXClient] [trace] [coolcatone12 (14220)]: Attach ping received from client "coolcatone12", This indicates everything was successful.
[2026-06-03 14:54:55.538] [RBXClient] [trace] [coolcatone12 (14220)][::RestoreBytecodeHash]: Given hash does not match (ignoring)
[2026-06-03 14:54:55.554] [RBXClient] [trace] [coolcatone12 (14220)][::RestoreBytecodeHash]: Given hash does not match (ignoring)
[2026-06-03 14:55:00.008] [RBXClient] [trace] [coolcatone12 (14220)][::RestoreBytecodeHash]: Given hash does not match (ignoring)
[2026-06-03 14:55:00.025] [RBXClient] [trace] [coolcatone12 (14220)][::RestoreBytecodeHash]: Given hash does not match (ignoring)
[2026-06-03 14:56:26.752] [RBXClient] [trace] [coolcatone12 (14220)][::PlayerRemoving]: Player leaving ping recieved. We have to reattach.
[2026-06-03 14:56:26.752] [RBXClient] [trace] [coolcatone12 (14220)][::RestoreBytecodeHash]: Given hash does not match (ignoring)
[2026-06-03 14:56:26.752] [RBXClient] [trace] [coolcatone12 (14220)][::PlayerRemoving]: DataModel is being loaded...
[2026-06-03 14:56:27.895] [RBXClient] [trace] 	[coolcatone12 (14220)][::PlayerRemoving]: DataModel was loaded successfully
[2026-06-03 14:56:27.898] [RBXClient] [info] [coolcatone12 (14220)]: Waiting for you to enter a game...
[2026-06-03 14:56:48.224] [RBXClient] [info] [coolcatone12 (14220)]:  Game has loaded (yielding)
[2026-06-03 14:56:49.037] [RBXClient] [trace] [coolcatone12 (14220)]: Attaching in-game using translation module.
[2026-06-03 14:56:49.245] [RBXClient] [trace] [coolcatone12 (14220)]: Intercepted translation module @0x1fc4b65d440
[2026-06-03 14:56:49.258] [RBXClient] [trace] [coolcatone12 (14220)][::CRefresh]: Client DataModel refreshed
[2026-06-03 14:56:49.263] [RBXClient] [trace] [coolcatone12 (14220)]: Attach ping received from client "coolcatone12", This indicates everything was successful.
[2026-06-03 14:56:57.080] [RBXClient] [trace] [coolcatone12 (14220)][::RestoreBytecodeHash]: Given hash does not match (ignoring)
[2026-06-03 14:56:57.095] [RBXClient] [trace] [coolcatone12 (14220)][::RestoreBytecodeHash]: Given hash does not match (ignoring)
[2026-06-03 14:56:57.125] [RBXClient] [trace] [coolcatone12 (14220)][::RestoreBytecodeHash]: Given hash does not match (ignoring)
[2026-06-03 14:57:07.390] [RBXClient] [trace] [coolcatone12 (14220)][::RestoreBytecodeHash]: Given hash does not match (ignoring)
[2026-06-03 14:57:07.405] [RBXClient] [trace] [coolcatone12 (14220)][::RestoreBytecodeHash]: Given hash does not match (ignoring)
[2026-06-03 14:59:34.490] [RBXClient] [trace] [coolcatone12 (14220)][::PlayerRemoving]: Player leaving ping recieved. We have to reattach.
[2026-06-03 14:59:34.490] [RBXClient] [trace] [coolcatone12 (14220)][::RestoreBytecodeHash]: Given hash does not match (ignoring)
[2026-06-03 14:59:34.490] [RBXClient] [trace] [coolcatone12 (14220)][::PlayerRemoving]: DataModel is being loaded...
[2026-06-03 14:59:34.522] [RBXClient] [trace] 	[coolcatone12 (14220)][::PlayerRemoving]: DataModel was loaded successfully
[2026-06-03 14:59:34.524] [RBXClient] [info] [coolcatone12 (14220)]: Waiting for you to enter a game...
[2026-06-03 14:59:42.429] [RBXClient] [info] [coolcatone12 (14220)]:  Game has loaded (yielding)
[2026-06-03 14:59:43.240] [RBXClient] [trace] [coolcatone12 (14220)]: Attaching in-game using translation module.
[2026-06-03 14:59:43.434] [RBXClient] [trace] [coolcatone12 (14220)]: Intercepted translation module @0x1fc4ce7d600
[2026-06-03 14:59:43.516] [RBXClient] [trace] [coolcatone12 (14220)][::CRefresh]: Client DataModel refreshed
[2026-06-03 14:59:43.529] [RBXClient] [trace] [coolcatone12 (14220)]: Attach ping received from client "coolcatone12", This indicates everything was successful.
[2026-06-03 14:59:53.629] [RBXClient] [trace] [coolcatone12 (14220)][::RestoreBytecodeHash]: Given hash does not match (ignoring)
[2026-06-03 14:59:53.629] [RBXClient] [trace] [coolcatone12 (14220)][::RestoreBytecodeHash]: Given hash does not match (ignoring)
[2026-06-03 15:00:03.652] [RBXClient] [trace] [coolcatone12 (14220)][::RestoreBytecodeHash]: Given hash does not match (ignoring)
[2026-06-03 15:00:03.668] [RBXClient] [trace] [coolcatone12 (14220)][::RestoreBytecodeHash]: Given hash does not match (ignoring)
[2026-06-03 15:01:57.266] [RBXClient] [trace] [coolcatone12 (14220)][::PlayerRemoving]: Player leaving ping recieved. We have to reattach.
[2026-06-03 15:01:57.266] [RBXClient] [trace] [coolcatone12 (14220)][::RestoreBytecodeHash]: Given hash does not match (ignoring)
[2026-06-03 15:01:57.266] [RBXClient] [trace] [coolcatone12 (14220)][::PlayerRemoving]: DataModel is being loaded...
[2026-06-03 15:01:57.304] [RBXClient] [trace] 	[coolcatone12 (14220)][::PlayerRemoving]: DataModel was loaded successfully
[2026-06-03 15:01:57.305] [RBXClient] [info] [coolcatone12 (14220)]: Waiting for you to enter a game...
[2026-06-03 15:02:03.934] [Execution] [error] [14220]: Could not find a CoreModule; You are not attached properly. There might be a error with the client init script or your Roblox window failed to refresh
[2026-06-03 15:02:04.005] [Execution] [error] [14220]: Could not find a CoreModule; You are not attached properly. There might be a error with the client init script or your Roblox window failed to refresh
[2026-06-03 15:02:04.035] [Execution] [error] [14220]: Could not find a CoreModule; You are not attached properly. There might be a error with the client init script or your Roblox window failed to refresh
[2026-06-03 15:02:04.910] [RBXClient] [info] [coolcatone12 (14220)]:  Game has loaded (yielding)
[2026-06-03 15:02:05.713] [RBXClient] [trace] [coolcatone12 (14220)]: Attaching in-game using translation module.
[2026-06-03 15:02:05.902] [RBXClient] [trace] [coolcatone12 (14220)]: Intercepted translation module @0x1fce889c800
[2026-06-03 15:02:05.915] [RBXClient] [trace] [coolcatone12 (14220)][::CRefresh]: Client DataModel refreshed
[2026-06-03 15:02:05.922] [RBXClient] [trace] [coolcatone12 (14220)]: Attach ping received from client "coolcatone12", This indicates everything was successful.
[2026-06-03 15:02:11.178] [RBXClient] [trace] [coolcatone12 (14220)][::RestoreBytecodeHash]: Given hash does not match (ignoring)
[2026-06-03 15:02:11.193] [RBXClient] [trace] [coolcatone12 (14220)][::RestoreBytecodeHash]: Given hash does not match (ignoring)
[2026-06-03 15:17:43.582] [RBXClient] [trace] [coolcatone12 (14220)][::RestoreBytecodeHash]: Given hash does not match (ignoring)
[2026-06-03 15:17:43.614] [RBXClient] [trace] [coolcatone12 (14220)][::RestoreBytecodeHash]: Given hash does not match (ignoring)
[2026-06-03 15:17:43.646] [RBXClient] [trace] [coolcatone12 (14220)][::RestoreBytecodeHash]: Given hash does not match (ignoring)
[2026-06-03 15:18:13.648] [RBXClient] [trace] [coolcatone12 (14220)][::PlayerRemoving]: Player leaving ping recieved. We have to reattach.
[2026-06-03 15:18:13.648] [RBXClient] [trace] [coolcatone12 (14220)][::RestoreBytecodeHash]: Given hash does not match (ignoring)
[2026-06-03 15:18:13.648] [RBXClient] [trace] [coolcatone12 (14220)][::PlayerRemoving]: DataModel is being loaded...
[2026-06-03 15:18:13.677] [RBXClient] [trace] 	[coolcatone12 (14220)][::PlayerRemoving]: DataModel was loaded successfully
[2026-06-03 15:18:13.679] [RBXClient] [info] [coolcatone12 (14220)]: Waiting for you to enter a game...
[2026-06-03 15:19:50.615] [Xeno] [info] Removed RBXClient: 14220
[2026-06-03 15:19:50.938] [RBXClient] [critical] [coolcatone12 (14220)]: Client was closed while waiting to enter a game
[2026-06-03 15:19:50.938] [RBXClient] [trace] [coolcatone12 (14220)][::~RBXClient]: Client was closed and cleaned up successfully
[2026-06-03 15:19:55.621] [Xeno] [info] Cleaned up '14220' from InitializedClients
