[2026-06-03 18:40:09.285] [Xeno] [trace] Xeno is only maintained by Rizve. If you find any bugs, have any question, or just want to chat email me rizve@xeno.onl or DM me on Discord: .rizve
[2026-06-03 18:40:09.285] [Xeno] [info] Version: Xeno - v1.3.50
[2026-06-03 18:40:09.285] [Xeno] [info] Log file: C:\Users\holla\source\repos\Loader\Loader\bin\x64\Release\logs\2026-06-03_18-40-09.log
[2026-06-03 18:40:09.286] [Xeno] [debug] Client Checker thread: 0xcd10dfdbe0
[2026-06-03 18:40:09.286] [Xeno] [debug] Xeno Caching thread: 0xcd10dfdbd0
[2026-06-03 18:40:09.286] [Xeno] [debug] WebSockets Cleaner thread: 0xcd10dfdbc0
[2026-06-03 18:40:09.286] [Cache] [info] Caching file: C:\Users\holla\AppData\Local\Xeno\XENO_CACHE.bin
[2026-06-03 18:40:09.286] [Xeno] [debug] Xeno Server thread: 0xcd10dfdbb0
[2026-06-03 18:40:09.287] [Cache] [warning] Failed to read cached client PID #0
[2026-06-03 18:40:09.287] [Cache] [info] Loaded existing cache: 0 RBXClients, 0 RBXBytecode, 0 RBXMFlags, 1 RBXClientInfos
[2026-06-03 18:40:09.287] [Server] [info] Xeno Server is Live on http://localhost:3110
[2026-06-03 18:40:09.287] [Server] [info] Visit http://localhost:3110 to view any additional information
[2026-06-03 18:40:09.297] [Xeno] [info] Creating new RBXClient: 10928
[2026-06-03 18:40:09.297] [RBXClient] [info] [10928]: Initializing...
[2026-06-03 18:40:09.297] [RBXClient] [info] [10928]: Version: version-ad5d3e2906444472
[2026-06-03 18:40:09.297] [Xeno] [debug] Created RBXClient instance @0x208b0675f30
[2026-06-03 18:40:09.297] [Xeno] [info] Successfully created RBXClient: 10928
[2026-06-03 18:40:09.297] [RBXClient] [trace] [10928]: Attempting to retrieve RBXClient data...
[2026-06-03 18:40:09.360] [RBXClient] [trace] [10928]: Successfully retrieved RBXClient data (Primary)
[2026-06-03 18:40:09.360] [RBXClient] [error] [10928]: Offsets for version "version-ad5d3e2906444472" not found. Using offsets from default version: version-460909c4fe904aae. Please report this to me (Rizve)
[2026-06-03 18:40:09.361] [RBXClient] [info] [10928]: RenderView retrieved from Cache: 0x2340ef4eb80
[2026-06-03 18:40:09.456] [RBXClient] [debug] [10928]: Bytecode Hash Map: 0x0 (@0x0)
[2026-06-03 18:40:09.457] [RBXClient] [debug] [10928]: DataModel (Ugc): 0x23407451a48
[2026-06-03 18:40:09.458] [RBXClient] [debug] [10928]: LocalPlayer: 0x2340a561880
[2026-06-03 18:40:09.458] [RBXClient] [debug] [20littlemen2 (10928)]: LocalPlayer Name: '20littlemen2'
[2026-06-03 18:40:09.458] [RBXClient] [trace] [20littlemen2 (10928)]: Attaching in-game using translation module.
[2026-06-03 18:40:09.558] [RBXClient] [debug] [20littlemen2 (10928)]: Bytecode Hash Map: 0x0 (@0x0)
[2026-06-03 18:40:09.558] [RBXClient] [warning] [20littlemen2 (10928)]: Could not find bytecode hash map, retrying... (2 tries left)
[2026-06-03 18:40:09.656] [RBXClient] [debug] [20littlemen2 (10928)]: Bytecode Hash Map: 0x0 (@0x0)
[2026-06-03 18:40:09.656] [RBXClient] [warning] [20littlemen2 (10928)]: Could not find bytecode hash map, retrying... (1 tries left)
[2026-06-03 18:40:09.755] [RBXClient] [debug] [20littlemen2 (10928)]: Bytecode Hash Map: 0x0 (@0x0)
[2026-06-03 18:40:09.755] [RBXClient] [warning] [20littlemen2 (10928)]: Could not find bytecode hash map, retrying... (0 tries left)
[2026-06-03 18:40:09.755] [RBXClient] [critical] [20littlemen2 (10928)]:  Failed to find bytecode hash map
[2026-06-03 18:40:13.441] [Execution] [error] [10928]: Could not find a CoreModule; Client is not attached
[2026-06-03 18:40:13.507] [Execution] [error] [10928]: Could not find a CoreModule; Client is not attached
[2026-06-03 18:40:13.568] [Execution] [error] [10928]: Could not find a CoreModule; Client is not attached
[2026-06-03 18:40:23.379] [RBXClient] [trace] [20littlemen2 (10928)][::~RBXClient]: Client was closed and cleaned up successfully
[2026-06-03 18:40:23.379] [Xeno] [info] Removed RBXClient: 10928
