[2026-06-05 08:08:33.554] [Xeno] [trace] Xeno is only maintained by Rizve. If you find any bugs, have any question, or just want to chat email me rizve@xeno.onl or DM me on Discord: .rizve
[2026-06-05 08:08:33.554] [Xeno] [info] Version: Xeno - v1.3.55
[2026-06-05 08:08:33.554] [Xeno] [info] Log file: C:\Users\holla\source\repos\Loader\Loader\bin\x64\Release\logs\2026-06-05_08-08-33.log
[2026-06-05 08:08:33.559] [Xeno] [debug] Client Checker thread: 0x7d6bbfda10
[2026-06-05 08:08:33.560] [Xeno] [debug] Xeno Caching thread: 0x7d6bbfda00
[2026-06-05 08:08:33.560] [Xeno] [debug] WebSockets Cleaner thread: 0x7d6bbfd9f0
[2026-06-05 08:08:33.560] [Xeno] [debug] Xeno Server thread: 0x7d6bbfd9e0
[2026-06-05 08:08:33.560] [Cache] [info] Caching file: C:\Users\holla\AppData\Local\Xeno\XENO_CACHE.bin
[2026-06-05 08:08:33.562] [Server] [info] Xeno Server is Live on http://localhost:3110
[2026-06-05 08:08:33.562] [Server] [info] Visit http://localhost:3110 to view any additional information
[2026-06-05 08:08:33.571] [Xeno] [info] Creating new RBXClient: 8088
[2026-06-05 08:08:33.572] [RBXClient] [info] [8088]: Initializing...
[2026-06-05 08:08:33.572] [RBXClient] [info] [8088]: Version: version-ad5d3e2906444472
[2026-06-05 08:08:33.572] [Xeno] [debug] Created RBXClient instance @0x1fc43819ce0
[2026-06-05 08:08:33.572] [Xeno] [info] Successfully created RBXClient: 8088
[2026-06-05 08:08:33.572] [RBXClient] [trace] [8088]: Attempting to retrieve RBXClient data...
[2026-06-05 08:08:33.834] [RBXClient] [trace] [8088]: Successfully retrieved RBXClient data (Primary)
[2026-06-05 08:08:33.834] [RBXClient] [debug] [8088]: Fetching DataModel...
[2026-06-05 08:08:33.991] [RBXClient] [debug] [8088]: 	String: 0x22a44019288
[2026-06-05 08:08:33.991] [RBXClient] [debug] [8088]: 	RenderView: 0x22a3c6a1480
[2026-06-05 08:08:34.335] [RBXClient] [debug] [8088]: 1782 candidates found for the instruction
[2026-06-05 08:08:34.336] [RBXClient] [debug] [8088]:  Instruction address: 0x2292f34d81a
[2026-06-05 08:08:34.336] [RBXClient] [debug] [8088]: Bytecode Patch Watcher thread: 0x7d73bff920
[2026-06-05 08:08:34.338] [RBXClient] [debug] [8088]: DataModel (Ugc): 0x22a39e63e48
[2026-06-05 08:08:34.339] [RBXClient] [debug] [8088]: LocalPlayer: 0x22a3cf13080
[2026-06-05 08:08:34.339] [RBXClient] [debug] [20littlemen2 (8088)]: LocalPlayer Name: '20littlemen2'
[2026-06-05 08:08:34.340] [RBXClient] [trace] [20littlemen2 (8088)]: Attaching in-game using translation module.
[2026-06-05 08:08:34.553] [RBXClient] [trace] [20littlemen2 (8088)]: Intercepted translation module @0x22a3bad3dc0
[2026-06-05 08:08:34.569] [RBXClient] [trace] [20littlemen2 (8088)][::CRefresh]: Client DataModel refreshed
[2026-06-05 08:08:34.577] [RBXClient] [trace] [20littlemen2 (8088)][::HandleAutoExecute]: Executed 1 script(s) from autoexec directory
[2026-06-05 08:08:34.578] [RBXClient] [trace] [20littlemen2 (8088)]: Attach ping received from client "20littlemen2", This indicates everything was successful.
[2026-06-05 08:18:31.946] [RBXClient] [trace] [20littlemen2 (8088)][::~RBXClient]: Client was closed and cleaned up successfully
[2026-06-05 08:18:31.946] [Xeno] [info] Removed RBXClient: 8088
[2026-06-05 08:18:36.947] [Xeno] [info] Cleaned up '8088' from InitializedClients
