[2026-06-08 21:14:11.576] [Xeno] [trace] Xeno is only maintained by Rizve. If you find any bugs, have any question, or just want to chat email me rizve@xeno.onl or DM me on Discord: .rizve
[2026-06-08 21:14:11.576] [Xeno] [info] Version: Xeno - v1.3.55
[2026-06-08 21:14:11.576] [Xeno] [info] Log file: C:\Users\holla\source\repos\Loader\Loader\bin\x64\Release\logs\2026-06-08_21-14-11.log
[2026-06-08 21:14:11.580] [Xeno] [debug] Client Checker thread: 0x2aa8bfde40
[2026-06-08 21:14:11.580] [Xeno] [debug] Xeno Caching thread: 0x2aa8bfde30
[2026-06-08 21:14:11.580] [Xeno] [debug] WebSockets Cleaner thread: 0x2aa8bfde20
[2026-06-08 21:14:11.580] [Cache] [info] Caching file: C:\Users\holla\AppData\Local\Xeno\XENO_CACHE.bin
[2026-06-08 21:14:11.580] [Xeno] [debug] Xeno Server thread: 0x2aa8bfde10
[2026-06-08 21:14:11.581] [Server] [info] Xeno Server is Live on http://localhost:3110
[2026-06-08 21:14:11.581] [Server] [info] Visit http://localhost:3110 to view any additional information
[2026-06-08 21:14:11.595] [Xeno] [info] Creating new RBXClient: 21848
[2026-06-08 21:14:11.595] [RBXClient] [info] [21848]: Initializing...
[2026-06-08 21:14:11.595] [RBXClient] [info] [21848]: Version: version-ad5d3e2906444472
[2026-06-08 21:14:11.595] [Xeno] [debug] Created RBXClient instance @0x1cd36ee8f20
[2026-06-08 21:14:11.595] [Xeno] [info] Successfully created RBXClient: 21848
[2026-06-08 21:14:11.595] [RBXClient] [trace] [21848]: Attempting to retrieve RBXClient data...
[2026-06-08 21:14:11.699] [RBXClient] [trace] [21848]: Successfully retrieved RBXClient data (Primary)
[2026-06-08 21:14:11.700] [RBXClient] [debug] [21848]: Fetching DataModel...
[2026-06-08 21:14:11.758] [RBXClient] [debug] [21848]: 	String: 0x2af1a20e788
[2026-06-08 21:14:11.758] [RBXClient] [debug] [21848]: 	RenderView: 0x2af1109eb80
[2026-06-08 21:14:12.198] [RBXClient] [debug] [21848]: 2020 candidates found for the instruction
[2026-06-08 21:14:12.199] [RBXClient] [debug] [21848]:  Instruction address: 0x2af5492d81a
[2026-06-08 21:14:12.199] [RBXClient] [debug] [21848]: Bytecode Patch Watcher thread: 0x2ab0c7f9f0
[2026-06-08 21:14:12.201] [RBXClient] [debug] [21848]: DataModel (Ugc): 0x2af14810e48
[2026-06-08 21:14:12.202] [RBXClient] [debug] [21848]: LocalPlayer: 0x2af2fdc3080
[2026-06-08 21:14:12.202] [RBXClient] [debug] [1zigz (21848)]: LocalPlayer Name: '1zigz'
[2026-06-08 21:14:12.203] [RBXClient] [trace] [1zigz (21848)]: Attaching in-game using translation module.
[2026-06-08 21:14:12.384] [RBXClient] [trace] [1zigz (21848)]: Intercepted translation module @0x2b0e338f580
[2026-06-08 21:14:12.963] [RBXClient] [warning] [1zigz (21848)]: Attach is taking longer than expected... (I hate you 1zigz)
[2026-06-08 21:14:13.444] [RBXClient] [trace] [1zigz (21848)][::CRefresh]: Client DataModel refreshed
[2026-06-08 21:14:13.451] [RBXClient] [trace] [1zigz (21848)][::HandleAutoExecute]: Executed 1 script(s) from autoexec directory
[2026-06-08 21:14:13.453] [RBXClient] [trace] [1zigz (21848)]: Attach ping received from client "1zigz", This indicates everything was successful.
[2026-06-08 21:15:44.062] [RBXClient] [trace] [1zigz (21848)][::PlayerRemoving]: Player leaving ping recieved. We have to reattach.
[2026-06-08 21:15:44.062] [RBXClient] [trace] [1zigz (21848)][::PlayerRemoving]: DataModel is being loaded...
[2026-06-08 21:15:44.124] [RBXClient] [trace] 	[1zigz (21848)][::PlayerRemoving]: DataModel was loaded successfully
[2026-06-08 21:15:44.125] [RBXClient] [info] [1zigz (21848)]: Waiting for you to enter a game...
[2026-06-08 21:16:00.656] [RBXClient] [info] [1zigz (21848)]:  Game has loaded (yielding)
[2026-06-08 21:16:00.656] [RBXClient] [trace] [1zigz (21848)]: Attaching in-game using translation module.
[2026-06-08 21:16:00.830] [RBXClient] [trace] [1zigz (21848)]: Intercepted translation module @0x2b0fbdb67c0
[2026-06-08 21:16:01.371] [RBXClient] [warning] [1zigz (21848)]: Attach is taking longer than expected... (I hate you 1zigz)
[2026-06-08 21:16:03.314] [RBXClient] [trace] [1zigz (21848)][::CRefresh]: Client DataModel refreshed
[2026-06-08 21:16:03.321] [RBXClient] [trace] [1zigz (21848)]: Attach ping received from client "1zigz", This indicates everything was successful.
[2026-06-08 21:16:09.585] [RBXClient] [trace] [1zigz (21848)][::PlayerRemoving]: Player leaving ping recieved. We have to reattach.
[2026-06-08 21:16:09.585] [RBXClient] [trace] [1zigz (21848)][::PlayerRemoving]: DataModel is being loaded...
[2026-06-08 21:16:09.924] [RBXClient] [trace] 	[1zigz (21848)][::PlayerRemoving]: DataModel was loaded successfully
[2026-06-08 21:16:09.925] [RBXClient] [info] [1zigz (21848)]: Waiting for you to enter a game...
[2026-06-08 21:16:09.955] [RBXClient] [critical] [1zigz (21848)]: Client was closed while waiting to enter a game
[2026-06-08 21:16:09.986] [RBXClient] [trace] [1zigz (21848)][::~RBXClient]: Client was closed and cleaned up successfully
[2026-06-08 21:16:09.986] [Xeno] [info] Removed RBXClient: 21848
[2026-06-08 21:16:14.990] [Xeno] [info] Cleaned up '21848' from InitializedClients
[2026-06-08 21:44:59.351] [Xeno] [info] Creating new RBXClient: 13764
[2026-06-08 21:44:59.351] [RBXClient] [info] [13764]: Initializing...
[2026-06-08 21:44:59.351] [RBXClient] [info] [13764]: Version: version-ad5d3e2906444472
[2026-06-08 21:44:59.351] [Xeno] [debug] Created RBXClient instance @0x1cd3786c4c0
[2026-06-08 21:44:59.351] [Xeno] [info] Successfully created RBXClient: 13764
[2026-06-08 21:44:59.351] [RBXClient] [trace] [13764]: Attempting to retrieve RBXClient data...
[2026-06-08 21:44:59.454] [RBXClient] [trace] [13764]: Successfully retrieved RBXClient data (Primary)
[2026-06-08 21:44:59.454] [RBXClient] [debug] [13764]: Fetching DataModel...
[2026-06-08 21:44:59.558] [RBXClient] [debug] [13764]: 	String: 0x27349807e88
[2026-06-08 21:44:59.558] [RBXClient] [debug] [13764]: 	RenderView: 0x2734973f580
[2026-06-08 21:44:59.729] [RBXClient] [debug] [13764]: 2040 candidates found for the instruction
[2026-06-08 21:44:59.730] [RBXClient] [debug] [13764]:  Instruction address: 0x27235cdd81a
[2026-06-08 21:44:59.730] [RBXClient] [debug] [13764]: Bytecode Patch Watcher thread: 0x2aaa7ff6d0
[2026-06-08 21:44:59.731] [RBXClient] [debug] [13764]: DataModel (Ugc): 0x27341041a48
[2026-06-08 21:44:59.731] [RBXClient] [debug] [13764]: LocalPlayer: 0x273411c1880
[2026-06-08 21:44:59.731] [RBXClient] [debug] [1zigz (13764)]: LocalPlayer Name: '1zigz'
[2026-06-08 21:44:59.732] [RBXClient] [trace] [1zigz (13764)]: Attaching in-game using translation module.
[2026-06-08 21:44:59.902] [RBXClient] [trace] [1zigz (13764)]: Intercepted translation module @0x273420b3c00
[2026-06-08 21:44:59.919] [RBXClient] [trace] [1zigz (13764)][::CRefresh]: Client DataModel refreshed
[2026-06-08 21:44:59.927] [RBXClient] [trace] [1zigz (13764)][::HandleAutoExecute]: Executed 1 script(s) from autoexec directory
[2026-06-08 21:44:59.935] [RBXClient] [trace] [1zigz (13764)]: Attach ping received from client "1zigz", This indicates everything was successful.
[2026-06-08 21:49:08.026] [RBXClient] [trace] [1zigz (13764)][::~RBXClient]: Client was closed and cleaned up successfully
[2026-06-08 21:49:08.026] [Xeno] [info] Removed RBXClient: 13764
